<?xml version="1.0" encoding="UTF-8"?>
<testsuite xmlns:xsi="http://www.w3.org/2001/XMLSchema-instance" xsi:noNamespaceSchemaLocation="https://maven.apache.org/surefire/maven-surefire-plugin/xsd/surefire-test-report.xsd" name="br.unasp.projeto.controle.PessoaControleTest" time="2.958" tests="5" errors="0" skipped="0" failures="2">
  <properties>
[...]
</properties>
  <testcase name="testCriarPessoaComIdadeZero" classname="br.unasp.projeto.controle.PessoaControleTest" time="0.502"/>
  <testcase name="testCriarPessoaComIdadeNegativa" classname="br.unasp.projeto.controle.PessoaControleTest" time="0.034">
    <failure message="Status expected:&lt;400&gt; but was:&lt;200&gt;" type="java.lang.AssertionError"><![CDATA[java.lang.AssertionError: Status expected:<400> but was:<200>
	at br.unasp.projeto.controle.PessoaControleTest.testCriarPessoaComIdadeNegativa(PessoaControleTest.java:42)
]]></failure>
    <system-out><![CDATA[
MockHttpServletRequest:
      HTTP Method = PUT
      Request URI = /api/pessoa
       Parameters = {nome=[Maria], idade=[-5]}
          Headers = []
             Body = null
    Session Attrs = {}

Handler:
             Type = br.unasp.projeto.controle.PessoaControle
           Method = br.unasp.projeto.controle.PessoaControle#criarPessoa(String, int)

Async:
    Async started = false
     Async result = null

Resolved Exception:
             Type = null

ModelAndView:
        View name = null
             View = null
            Model = null

FlashMap:
       Attributes = null

MockHttpServletResponse:
           Status = 200
    Error message = null
          Headers = [Content-Type:"application/json"]
     Content type = application/json
             Body = {"nome":"Maria","idade":-5}
    Forwarded URL = null
   Redirected URL = null
          Cookies = []
]]></system-out>
  </testcase>
  <testcase name="testCriarPessoaComNomeEIdadeMaxima" classname="br.unasp.projeto.controle.PessoaControleTest" time="0"/>
  <testcase name="testCriarPessoaComNomeVazio" classname="br.unasp.projeto.controle.PessoaControleTest" time="0.031">
    <failure message="Status expected:&lt;400&gt; but was:&lt;200&gt;" type="java.lang.AssertionError"><![CDATA[java.lang.AssertionError: Status expected:<400> but was:<200>
	at br.unasp.projeto.controle.PessoaControleTest.testCriarPessoaComNomeVazio(PessoaControleTest.java:29)
]]></failure>
    <system-out><![CDATA[
MockHttpServletRequest:
      HTTP Method = PUT
      Request URI = /api/pessoa
       Parameters = {nome=[], idade=[25]}
          Headers = []
             Body = null
    Session Attrs = {}

Handler:
             Type = br.unasp.projeto.controle.PessoaControle
           Method = br.unasp.projeto.controle.PessoaControle#criarPessoa(String, int)

Async:
    Async started = false
     Async result = null

Resolved Exception:
             Type = null

ModelAndView:
        View name = null
             View = null
            Model = null

FlashMap:
       Attributes = null

MockHttpServletResponse:
           Status = 200
    Error message = null
          Headers = [Content-Type:"application/json"]
     Content type = application/json
             Body = {"nome":"","idade":25}
    Forwarded URL = null
   Redirected URL = null
          Cookies = []
]]></system-out>
  </testcase>
  <testcase name="testCriarPessoa" classname="br.unasp.projeto.controle.PessoaControleTest" time="0"/>
</testsuite>